c:\users\yooji\source\repos\mousekeyboarddll\x64\debug\vc141.pdb
c:\users\yooji\source\repos\mousekeyboarddll\x64\debug\vc141.idb
c:\users\yooji\source\repos\mousekeyboarddll\x64\debug\mousekeyboarddll.obj
c:\users\yooji\source\repos\mousekeyboarddll\x64\debug\macrofuncs.obj
c:\users\yooji\source\repos\mousekeyboarddll\x64\debug\dllmain.obj
c:\users\yooji\source\repos\mousekeyboarddll\x64\debug\mousekeyboarddll.pch
c:\users\yooji\source\repos\mousekeyboarddll\x64\debug\stdafx.obj
c:\users\yooji\source\repos\mousekeyboarddll\x64\debug\mousekeyboarddll.dll
c:\users\yooji\source\repos\mousekeyboarddll\x64\debug\mousekeyboarddll.ilk
c:\users\yooji\source\repos\mousekeyboarddll\x64\debug\mousekeyboarddll.pdb
c:\users\yooji\source\repos\mousekeyboarddll\x64\debug\mousekeyboarddll.lib
c:\users\yooji\source\repos\mousekeyboarddll\x64\debug\mousekeyboarddll.exp
c:\users\yooji\source\repos\mousekeyboarddll\x64\debug\mousekeyboarddll.tlog\cl.command.1.tlog
c:\users\yooji\source\repos\mousekeyboarddll\x64\debug\mousekeyboarddll.tlog\cl.read.1.tlog
c:\users\yooji\source\repos\mousekeyboarddll\x64\debug\mousekeyboarddll.tlog\cl.write.1.tlog
c:\users\yooji\source\repos\mousekeyboarddll\x64\debug\mousekeyboarddll.tlog\link.21700.delete.1.tlog
c:\users\yooji\source\repos\mousekeyboarddll\x64\debug\mousekeyboarddll.tlog\link.command.1.tlog
c:\users\yooji\source\repos\mousekeyboarddll\x64\debug\mousekeyboarddll.tlog\link.read.1.tlog
c:\users\yooji\source\repos\mousekeyboarddll\x64\debug\mousekeyboarddll.tlog\link.write.1.tlog
c:\users\yooji\source\repos\mousekeyboarddll\x64\debug\mousekeyboarddll.tlog\mousekeyboarddll.write.1u.tlog
